# JRE version: Java(TM) SE Runtime Environment (8.0_11-b12) (build 1.8.0_11-b12)
# Java VM: Java HotSpot(TM) 64-Bit Server VM (25.11-b03 mixed mode windows-amd64 compressed oops)
Heap:
 PSYoungGen      total 23552K, used 18870K [0x00000000e0d00000, 0x00000000e2600000, 0x0000000100000000)
  eden space 21504K, 82% used [0x00000000e0d00000,0x00000000e1e6acd0,0x00000000e2200000)
  from space 2048K, 50% used [0x00000000e2400000,0x00000000e2502bb0,0x00000000e2600000)
  to   space 2048K, 0% used [0x00000000e2200000,0x00000000e2200000,0x00000000e2400000)
 ParOldGen       total 94720K, used 2432K [0x00000000a2600000, 0x00000000a8280000, 0x00000000e0d00000)
  object space 94720K, 2% used [0x00000000a2600000,0x00000000a2860208,0x00000000a8280000)
 Metaspace       used 11847K, capacity 11964K, committed 12288K, reserved 1060864K
  class space    used 1404K, capacity 1430K, committed 1536K, reserved 1048576K
GC Heap History (10 events):
Event: 2.991 GC heap before
{Heap before GC invocations=10 (full 0):
 PSYoungGen      total 9728K, used 9598K [0x00000000e0d00000, 0x00000000e1d00000, 0x0000000100000000)
  eden space 8192K, 100% used [0x00000000e0d00000,0x00000000e1500000,0x00000000e1500000)
  from space 1536K, 91% used [0x00000000e1500000,0x00000000e165fa58,0x00000000e1680000)
  to   space 1536K, 0% used [0x00000000e1b80000,0x00000000e1b80000,0x00000000e1d00000)
 ParOldGen       total 94720K, used 1696K [0x00000000a2600000, 0x00000000a8280000, 0x00000000e0d00000)
  object space 94720K, 1% used [0x00000000a2600000,0x00000000a27a81e8,0x00000000a8280000)
 Metaspace       used 7649K, capacity 7766K, committed 7936K, reserved 1056768K
  class space    used 934K, capacity 949K, committed 1024K, reserved 1048576K
Event: 2.993 GC heap after
Heap after GC invocations=10 (full 0):
 PSYoungGen      total 14848K, used 320K [0x00000000e0d00000, 0x00000000e1d00000, 0x0000000100000000)
  eden space 13312K, 0% used [0x00000000e0d00000,0x00000000e0d00000,0x00000000e1a00000)
  from space 1536K, 20% used [0x00000000e1b80000,0x00000000e1bd0000,0x00000000e1d00000)
  to   space 1536K, 0% used [0x00000000e1a00000,0x00000000e1a00000,0x00000000e1b80000)
 ParOldGen       total 94720K, used 2016K [0x00000000a2600000, 0x00000000a8280000, 0x00000000e0d00000)
  object space 94720K, 2% used [0x00000000a2600000,0x00000000a27f81f8,0x00000000a8280000)
 Metaspace       used 7649K, capacity 7766K, committed 7936K, reserved 1056768K
  class space    used 934K, capacity 949K, committed 1024K, reserved 1048576K
}
Event: 3.076 GC heap before
{Heap before GC invocations=11 (full 0):
 PSYoungGen      total 14848K, used 13632K [0x00000000e0d00000, 0x00000000e1d00000, 0x0000000100000000)
  eden space 13312K, 100% used [0x00000000e0d00000,0x00000000e1a00000,0x00000000e1a00000)
  from space 1536K, 20% used [0x00000000e1b80000,0x00000000e1bd0000,0x00000000e1d00000)
  to   space 1536K, 0% used [0x00000000e1a00000,0x00000000e1a00000,0x00000000e1b80000)
 ParOldGen       total 94720K, used 2016K [0x00000000a2600000, 0x00000000a8280000, 0x00000000e0d00000)
  object space 94720K, 2% used [0x00000000a2600000,0x00000000a27f81f8,0x00000000a8280000)
 Metaspace       used 7654K, capacity 7830K, committed 7936K, reserved 1056768K
  class space    used 934K, capacity 949K, committed 1024K, reserved 1048576K
Event: 3.082 GC heap after
Heap after GC invocations=11 (full 0):
 PSYoungGen      total 14848K, used 160K [0x00000000e0d00000, 0x00000000e2600000, 0x0000000100000000)
  eden space 13312K, 0% used [0x00000000e0d00000,0x00000000e0d00000,0x00000000e1a00000)
  from space 1536K, 10% used [0x00000000e1a00000,0x00000000e1a28000,0x00000000e1b80000)
  to   space 2048K, 0% used [0x00000000e2400000,0x00000000e2400000,0x00000000e2600000)
 ParOldGen       total 94720K, used 2304K [0x00000000a2600000, 0x00000000a8280000, 0x00000000e0d00000)
  object space 94720K, 2% used [0x00000000a2600000,0x00000000a28401f8,0x00000000a8280000)
 Metaspace       used 7654K, capacity 7830K, committed 7936K, reserved 1056768K
  class space    used 934K, capacity 949K, committed 1024K, reserved 1048576K
}
Event: 3.133 GC heap before
{Heap before GC invocations=12 (full 0):
 PSYoungGen      total 14848K, used 13472K [0x00000000e0d00000, 0x00000000e2600000, 0x0000000100000000)
  eden space 13312K, 100% used [0x00000000e0d00000,0x00000000e1a00000,0x00000000e1a00000)
  from space 1536K, 10% used [0x00000000e1a00000,0x00000000e1a28000,0x00000000e1b80000)
  to   space 2048K, 0% used [0x00000000e2400000,0x00000000e2400000,0x00000000e2600000)
 ParOldGen       total 94720K, used 2304K [0x00000000a2600000, 0x00000000a8280000, 0x00000000e0d00000)
  object space 94720K, 2% used [0x00000000a2600000,0x00000000a28401f8,0x00000000a8280000)
 Metaspace       used 7654K, capacity 7830K, committed 7936K, reserved 1056768K
  class space    used 934K, capacity 949K, committed 1024K, reserved 1048576K
Event: 3.144 GC heap after
Heap after GC invocations=12 (full 0):
 PSYoungGen      total 23552K, used 96K [0x00000000e0d00000, 0x00000000e2600000, 0x0000000100000000)
  eden space 21504K, 0% used [0x00000000e0d00000,0x00000000e0d00000,0x00000000e2200000)
  from space 2048K, 4% used [0x00000000e2400000,0x00000000e2418000,0x00000000e2600000)
  to   space 2048K, 0% used [0x00000000e2200000,0x00000000e2200000,0x00000000e2400000)
 ParOldGen       total 94720K, used 2336K [0x00000000a2600000, 0x00000000a8280000, 0x00000000e0d00000)
  object space 94720K, 2% used [0x00000000a2600000,0x00000000a28481f8,0x00000000a8280000)
 Metaspace       used 7654K, capacity 7830K, committed 7936K, reserved 1056768K
  class space    used 934K, capacity 949K, committed 1024K, reserved 1048576K
}
Event: 3.214 GC heap before
{Heap before GC invocations=13 (full 0):
 PSYoungGen      total 23552K, used 21600K [0x00000000e0d00000, 0x00000000e2600000, 0x0000000100000000)
  eden space 21504K, 100% used [0x00000000e0d00000,0x00000000e2200000,0x00000000e2200000)
  from space 2048K, 4% used [0x00000000e2400000,0x00000000e2418000,0x00000000e2600000)
  to   space 2048K, 0% used [0x00000000e2200000,0x00000000e2200000,0x00000000e2400000)
 ParOldGen       total 94720K, used 2336K [0x00000000a2600000, 0x00000000a8280000, 0x00000000e0d00000)
  object space 94720K, 2% used [0x00000000a2600000,0x00000000a28481f8,0x00000000a8280000)
 Metaspace       used 7654K, capacity 7830K, committed 7936K, reserved 1056768K
  class space    used 934K, capacity 949K, committed 1024K, reserved 1048576K
Event: 3.214 GC heap after
Heap after GC invocations=13 (full 0):
 PSYoungGen      total 23552K, used 96K [0x00000000e0d00000, 0x00000000e2600000, 0x0000000100000000)
  eden space 21504K, 0% used [0x00000000e0d00000,0x00000000e0d00000,0x00000000e2200000)
  from space 2048K, 4% used [0x00000000e2200000,0x00000000e2218000,0x00000000e2400000)
  to   space 2048K, 0% used [0x00000000e2400000,0x00000000e2400000,0x00000000e2600000)
 ParOldGen       total 94720K, used 2344K [0x00000000a2600000, 0x00000000a8280000, 0x00000000e0d00000)
  object space 94720K, 2% used [0x00000000a2600000,0x00000000a284a1f8,0x00000000a8280000)
 Metaspace       used 7654K, capacity 7830K, committed 7936K, reserved 1056768K
  class space    used 934K, capacity 949K, committed 1024K, reserved 1048576K
}
Event: 3.414 GC heap before
{Heap before GC invocations=14 (full 0):
 PSYoungGen      total 23552K, used 21600K [0x00000000e0d00000, 0x00000000e2600000, 0x0000000100000000)
  eden space 21504K, 100% used [0x00000000e0d00000,0x00000000e2200000,0x00000000e2200000)
  from space 2048K, 4% used [0x00000000e2200000,0x00000000e2218000,0x00000000e2400000)
  to   space 2048K, 0% used [0x00000000e2400000,0x00000000e2400000,0x00000000e2600000)
 ParOldGen       total 94720K, used 2344K [0x00000000a2600000, 0x00000000a8280000, 0x00000000e0d00000)
  object space 94720K, 2% used [0x00000000a2600000,0x00000000a284a1f8,0x00000000a8280000)
 Metaspace       used 10282K, capacity 10428K, committed 10496K, reserved 1058816K
  class space    used 1211K, capacity 1238K, committed 1280K, reserved 1048576K
Event: 3.424 GC heap after
Heap after GC invocations=14 (full 0):
 PSYoungGen      total 23552K, used 1034K [0x00000000e0d00000, 0x00000000e2600000, 0x0000000100000000)
  eden space 21504K, 0% used [0x00000000e0d00000,0x00000000e0d00000,0x00000000e2200000)
  from space 2048K, 50% used [0x00000000e2400000,0x00000000e2502bb0,0x00000000e2600000)
  to   space 2048K, 0% used [0x00000000e2200000,0x00000000e2200000,0x00000000e2400000)
 ParOldGen       total 94720K, used 2432K [0x00000000a2600000, 0x00000000a8280000, 0x00000000e0d00000)
  object space 94720K, 2% used [0x00000000a2600000,0x00000000a2860208,0x00000000a8280000)
 Metaspace       used 10282K, capacity 10428K, committed 10496K, reserved 1058816K
  class space    used 1211K, capacity 1238K, committed 1280K, reserved 1048576K
}

