# JRE version: Java(TM) SE Runtime Environment (8.0_11-b12) (build 1.8.0_11-b12)
# Java VM: Java HotSpot(TM) 64-Bit Server VM (25.11-b03 mixed mode windows-amd64 compressed oops)
Heap:
 PSYoungGen      total 28160K, used 28152K [0x00000000e0d00000, 0x00000000e3580000, 0x0000000100000000)
  eden space 26624K, 100% used [0x00000000e0d00000,0x00000000e2700000,0x00000000e2700000)
  from space 1536K, 99% used [0x00000000e2700000,0x00000000e287e1c8,0x00000000e2880000)
  to   space 2048K, 12% used [0x00000000e3380000,0x00000000e33c0000,0x00000000e3580000)
 ParOldGen       total 94720K, used 3571K [0x00000000a2600000, 0x00000000a8280000, 0x00000000e0d00000)
  object space 94720K, 3% used [0x00000000a2600000,0x00000000a297cc98,0x00000000a8280000)
 Metaspace       used 11850K, capacity 12024K, committed 12288K, reserved 1060864K
  class space    used 1404K, capacity 1430K, committed 1536K, reserved 1048576K
GC Heap History (10 events):
Event: 1.253 GC heap before
{Heap before GC invocations=13 (full 0):
 PSYoungGen      total 11264K, used 10400K [0x00000000e0d00000, 0x00000000e1a80000, 0x0000000100000000)
  eden space 10240K, 100% used [0x00000000e0d00000,0x00000000e1700000,0x00000000e1700000)
  from space 1024K, 15% used [0x00000000e1880000,0x00000000e18a8000,0x00000000e1980000)
  to   space 1536K, 0% used [0x00000000e1700000,0x00000000e1700000,0x00000000e1880000)
 ParOldGen       total 94720K, used 2163K [0x00000000a2600000, 0x00000000a8280000, 0x00000000e0d00000)
  object space 94720K, 2% used [0x00000000a2600000,0x00000000a281cf58,0x00000000a8280000)
 Metaspace       used 7642K, capacity 7762K, committed 7936K, reserved 1056768K
  class space    used 934K, capacity 949K, committed 1024K, reserved 1048576K
Event: 1.306 GC heap after
Heap after GC invocations=13 (full 0):
 PSYoungGen      total 11776K, used 64K [0x00000000e0d00000, 0x00000000e2000000, 0x0000000100000000)
  eden space 10240K, 0% used [0x00000000e0d00000,0x00000000e0d00000,0x00000000e1700000)
  from space 1536K, 4% used [0x00000000e1700000,0x00000000e1710000,0x00000000e1880000)
  to   space 1536K, 0% used [0x00000000e1e80000,0x00000000e1e80000,0x00000000e2000000)
 ParOldGen       total 94720K, used 2171K [0x00000000a2600000, 0x00000000a8280000, 0x00000000e0d00000)
  object space 94720K, 2% used [0x00000000a2600000,0x00000000a281ef58,0x00000000a8280000)
 Metaspace       used 7642K, capacity 7762K, committed 7936K, reserved 1056768K
  class space    used 934K, capacity 949K, committed 1024K, reserved 1048576K
}
Event: 1.355 GC heap before
{Heap before GC invocations=14 (full 0):
 PSYoungGen      total 11776K, used 10304K [0x00000000e0d00000, 0x00000000e2000000, 0x0000000100000000)
  eden space 10240K, 100% used [0x00000000e0d00000,0x00000000e1700000,0x00000000e1700000)
  from space 1536K, 4% used [0x00000000e1700000,0x00000000e1710000,0x00000000e1880000)
  to   space 1536K, 0% used [0x00000000e1e80000,0x00000000e1e80000,0x00000000e2000000)
 ParOldGen       total 94720K, used 2171K [0x00000000a2600000, 0x00000000a8280000, 0x00000000e0d00000)
  object space 94720K, 2% used [0x00000000a2600000,0x00000000a281ef58,0x00000000a8280000)
 Metaspace       used 7642K, capacity 7762K, committed 7936K, reserved 1056768K
  class space    used 934K, capacity 949K, committed 1024K, reserved 1048576K
Event: 1.430 GC heap after
Heap after GC invocations=14 (full 0):
 PSYoungGen      total 17920K, used 96K [0x00000000e0d00000, 0x00000000e2000000, 0x0000000100000000)
  eden space 16384K, 0% used [0x00000000e0d00000,0x00000000e0d00000,0x00000000e1d00000)
  from space 1536K, 6% used [0x00000000e1e80000,0x00000000e1e98000,0x00000000e2000000)
  to   space 1536K, 0% used [0x00000000e1d00000,0x00000000e1d00000,0x00000000e1e80000)
 ParOldGen       total 94720K, used 2195K [0x00000000a2600000, 0x00000000a8280000, 0x00000000e0d00000)
  object space 94720K, 2% used [0x00000000a2600000,0x00000000a2824f58,0x00000000a8280000)
 Metaspace       used 7642K, capacity 7762K, committed 7936K, reserved 1056768K
  class space    used 934K, capacity 949K, committed 1024K, reserved 1048576K
}
Event: 1.491 GC heap before
{Heap before GC invocations=15 (full 0):
 PSYoungGen      total 17920K, used 16480K [0x00000000e0d00000, 0x00000000e2000000, 0x0000000100000000)
  eden space 16384K, 100% used [0x00000000e0d00000,0x00000000e1d00000,0x00000000e1d00000)
  from space 1536K, 6% used [0x00000000e1e80000,0x00000000e1e98000,0x00000000e2000000)
  to   space 1536K, 0% used [0x00000000e1d00000,0x00000000e1d00000,0x00000000e1e80000)
 ParOldGen       total 94720K, used 2195K [0x00000000a2600000, 0x00000000a8280000, 0x00000000e0d00000)
  object space 94720K, 2% used [0x00000000a2600000,0x00000000a2824f58,0x00000000a8280000)
 Metaspace       used 7642K, capacity 7762K, committed 7936K, reserved 1056768K
  class space    used 934K, capacity 949K, committed 1024K, reserved 1048576K
Event: 1.571 GC heap after
Heap after GC invocations=15 (full 0):
 PSYoungGen      total 17920K, used 128K [0x00000000e0d00000, 0x00000000e2a00000, 0x0000000100000000)
  eden space 16384K, 0% used [0x00000000e0d00000,0x00000000e0d00000,0x00000000e1d00000)
  from space 1536K, 8% used [0x00000000e1d00000,0x00000000e1d20000,0x00000000e1e80000)
  to   space 1536K, 0% used [0x00000000e2880000,0x00000000e2880000,0x00000000e2a00000)
 ParOldGen       total 94720K, used 2219K [0x00000000a2600000, 0x00000000a8280000, 0x00000000e0d00000)
  object space 94720K, 2% used [0x00000000a2600000,0x00000000a282af58,0x00000000a8280000)
 Metaspace       used 7642K, capacity 7762K, committed 7936K, reserved 1056768K
  class space    used 934K, capacity 949K, committed 1024K, reserved 1048576K
}
Event: 1.627 GC heap before
{Heap before GC invocations=16 (full 0):
 PSYoungGen      total 17920K, used 16512K [0x00000000e0d00000, 0x00000000e2a00000, 0x0000000100000000)
  eden space 16384K, 100% used [0x00000000e0d00000,0x00000000e1d00000,0x00000000e1d00000)
  from space 1536K, 8% used [0x00000000e1d00000,0x00000000e1d20000,0x00000000e1e80000)
  to   space 1536K, 0% used [0x00000000e2880000,0x00000000e2880000,0x00000000e2a00000)
 ParOldGen       total 94720K, used 2219K [0x00000000a2600000, 0x00000000a8280000, 0x00000000e0d00000)
  object space 94720K, 2% used [0x00000000a2600000,0x00000000a282af58,0x00000000a8280000)
 Metaspace       used 7642K, capacity 7762K, committed 7936K, reserved 1056768K
  class space    used 934K, capacity 949K, committed 1024K, reserved 1048576K
Event: 1.644 GC heap after
Heap after GC invocations=16 (full 0):
 PSYoungGen      total 28160K, used 96K [0x00000000e0d00000, 0x00000000e2a00000, 0x0000000100000000)
  eden space 26624K, 0% used [0x00000000e0d00000,0x00000000e0d00000,0x00000000e2700000)
  from space 1536K, 6% used [0x00000000e2880000,0x00000000e2898000,0x00000000e2a00000)
  to   space 1536K, 0% used [0x00000000e2700000,0x00000000e2700000,0x00000000e2880000)
 ParOldGen       total 94720K, used 2227K [0x00000000a2600000, 0x00000000a8280000, 0x00000000e0d00000)
  object space 94720K, 2% used [0x00000000a2600000,0x00000000a282cf58,0x00000000a8280000)
 Metaspace       used 7642K, capacity 7762K, committed 7936K, reserved 1056768K
  class space    used 934K, capacity 949K, committed 1024K, reserved 1048576K
}
Event: 2.151 GC heap before
{Heap before GC invocations=17 (full 0):
 PSYoungGen      total 28160K, used 26720K [0x00000000e0d00000, 0x00000000e2a00000, 0x0000000100000000)
  eden space 26624K, 100% used [0x00000000e0d00000,0x00000000e2700000,0x00000000e2700000)
  from space 1536K, 6% used [0x00000000e2880000,0x00000000e2898000,0x00000000e2a00000)
  to   space 1536K, 0% used [0x00000000e2700000,0x00000000e2700000,0x00000000e2880000)
 ParOldGen       total 94720K, used 2227K [0x00000000a2600000, 0x00000000a8280000, 0x00000000e0d00000)
  object space 94720K, 2% used [0x00000000a2600000,0x00000000a282cf58,0x00000000a8280000)
 Metaspace       used 11565K, capacity 11736K, committed 11904K, reserved 1060864K
  class space    used 1373K, capacity 1398K, committed 1408K, reserved 1048576K
Event: 2.174 GC heap after
Heap after GC invocations=17 (full 0):
 PSYoungGen      total 28160K, used 1528K [0x00000000e0d00000, 0x00000000e3580000, 0x0000000100000000)
  eden space 26624K, 0% used [0x00000000e0d00000,0x00000000e0d00000,0x00000000e2700000)
  from space 1536K, 99% used [0x00000000e2700000,0x00000000e287e1c8,0x00000000e2880000)
  to   space 2048K, 0% used [0x00000000e3380000,0x00000000e3380000,0x00000000e3580000)
 ParOldGen       total 94720K, used 2815K [0x00000000a2600000, 0x00000000a8280000, 0x00000000e0d00000)
  object space 94720K, 2% used [0x00000000a2600000,0x00000000a28bfc38,0x00000000a8280000)
 Metaspace       used 11565K, capacity 11736K, committed 11904K, reserved 1060864K
  class space    used 1373K, capacity 1398K, committed 1408K, reserved 1048576K
}

