# JRE version: Java(TM) SE Runtime Environment (8.0_11-b12) (build 1.8.0_11-b12)
# Java VM: Java HotSpot(TM) 64-Bit Server VM (25.11-b03 mixed mode windows-amd64 compressed oops)
Heap:
 PSYoungGen      total 12288K, used 10974K [0x00000000e0d00000, 0x00000000e1a80000, 0x0000000100000000)
  eden space 10752K, 87% used [0x00000000e0d00000,0x00000000e163d668,0x00000000e1780000)
  from space 1536K, 98% used [0x00000000e1780000,0x00000000e18fa540,0x00000000e1900000)
  to   space 1536K, 0% used [0x00000000e1900000,0x00000000e1900000,0x00000000e1a80000)
 ParOldGen       total 94720K, used 3240K [0x00000000a2600000, 0x00000000a8280000, 0x00000000e0d00000)
  object space 94720K, 3% used [0x00000000a2600000,0x00000000a292a068,0x00000000a8280000)
 Metaspace       used 13431K, capacity 13562K, committed 13696K, reserved 1060864K
  class space    used 1638K, capacity 1659K, committed 1664K, reserved 1048576K
GC Heap History (10 events):
Event: 0.549 GC heap before
{Heap before GC invocations=9 (full 0):
 PSYoungGen      total 5120K, used 4817K [0x00000000e0d00000, 0x00000000e1300000, 0x0000000100000000)
  eden space 4096K, 100% used [0x00000000e0d00000,0x00000000e1100000,0x00000000e1100000)
  from space 1024K, 70% used [0x00000000e1200000,0x00000000e12b47b8,0x00000000e1300000)
  to   space 1024K, 0% used [0x00000000e1100000,0x00000000e1100000,0x00000000e1200000)
 ParOldGen       total 94720K, used 1299K [0x00000000a2600000, 0x00000000a8280000, 0x00000000e0d00000)
  object space 94720K, 1% used [0x00000000a2600000,0x00000000a2744ef8,0x00000000a8280000)
 Metaspace       used 5997K, capacity 6166K, committed 6400K, reserved 1056768K
  class space    used 707K, capacity 757K, committed 768K, reserved 1048576K
Event: 0.562 GC heap after
Heap after GC invocations=9 (full 0):
 PSYoungGen      total 5120K, used 885K [0x00000000e0d00000, 0x00000000e1580000, 0x0000000100000000)
  eden space 4096K, 0% used [0x00000000e0d00000,0x00000000e0d00000,0x00000000e1100000)
  from space 1024K, 86% used [0x00000000e1100000,0x00000000e11dd7f8,0x00000000e1200000)
  to   space 1024K, 0% used [0x00000000e1480000,0x00000000e1480000,0x00000000e1580000)
 ParOldGen       total 94720K, used 1475K [0x00000000a2600000, 0x00000000a8280000, 0x00000000e0d00000)
  object space 94720K, 1% used [0x00000000a2600000,0x00000000a2770f08,0x00000000a8280000)
 Metaspace       used 5997K, capacity 6166K, committed 6400K, reserved 1056768K
  class space    used 707K, capacity 757K, committed 768K, reserved 1048576K
}
Event: 0.656 GC heap before
{Heap before GC invocations=10 (full 0):
 PSYoungGen      total 5120K, used 4974K [0x00000000e0d00000, 0x00000000e1580000, 0x0000000100000000)
  eden space 4096K, 99% used [0x00000000e0d00000,0x00000000e10fe338,0x00000000e1100000)
  from space 1024K, 86% used [0x00000000e1100000,0x00000000e11dd7f8,0x00000000e1200000)
  to   space 1024K, 0% used [0x00000000e1480000,0x00000000e1480000,0x00000000e1580000)
 ParOldGen       total 94720K, used 1475K [0x00000000a2600000, 0x00000000a8280000, 0x00000000e0d00000)
  object space 94720K, 1% used [0x00000000a2600000,0x00000000a2770f08,0x00000000a8280000)
 Metaspace       used 6561K, capacity 6702K, committed 6784K, reserved 1056768K
  class space    used 797K, capacity 825K, committed 896K, reserved 1048576K
Event: 0.658 GC heap after
Heap after GC invocations=10 (full 0):
 PSYoungGen      total 7680K, used 897K [0x00000000e0d00000, 0x00000000e1580000, 0x0000000100000000)
  eden space 6656K, 0% used [0x00000000e0d00000,0x00000000e0d00000,0x00000000e1380000)
  from space 1024K, 87% used [0x00000000e1480000,0x00000000e15605a8,0x00000000e1580000)
  to   space 1024K, 0% used [0x00000000e1380000,0x00000000e1380000,0x00000000e1480000)
 ParOldGen       total 94720K, used 1691K [0x00000000a2600000, 0x00000000a8280000, 0x00000000e0d00000)
  object space 94720K, 1% used [0x00000000a2600000,0x00000000a27a6f08,0x00000000a8280000)
 Metaspace       used 6561K, capacity 6702K, committed 6784K, reserved 1056768K
  class space    used 797K, capacity 825K, committed 896K, reserved 1048576K
}
Event: 0.835 GC heap before
{Heap before GC invocations=11 (full 0):
 PSYoungGen      total 7680K, used 7553K [0x00000000e0d00000, 0x00000000e1580000, 0x0000000100000000)
  eden space 6656K, 100% used [0x00000000e0d00000,0x00000000e1380000,0x00000000e1380000)
  from space 1024K, 87% used [0x00000000e1480000,0x00000000e15605a8,0x00000000e1580000)
  to   space 1024K, 0% used [0x00000000e1380000,0x00000000e1380000,0x00000000e1480000)
 ParOldGen       total 94720K, used 1691K [0x00000000a2600000, 0x00000000a8280000, 0x00000000e0d00000)
  object space 94720K, 1% used [0x00000000a2600000,0x00000000a27a6f08,0x00000000a8280000)
 Metaspace       used 9547K, capacity 9748K, committed 9984K, reserved 1058816K
  class space    used 1145K, capacity 1178K, committed 1280K, reserved 1048576K
Event: 0.839 GC heap after
Heap after GC invocations=11 (full 0):
 PSYoungGen      total 7680K, used 1016K [0x00000000e0d00000, 0x00000000e1a80000, 0x0000000100000000)
  eden space 6656K, 0% used [0x00000000e0d00000,0x00000000e0d00000,0x00000000e1380000)
  from space 1024K, 99% used [0x00000000e1380000,0x00000000e147e010,0x00000000e1480000)
  to   space 1536K, 0% used [0x00000000e1900000,0x00000000e1900000,0x00000000e1a80000)
 ParOldGen       total 94720K, used 2376K [0x00000000a2600000, 0x00000000a8280000, 0x00000000e0d00000)
  object space 94720K, 2% used [0x00000000a2600000,0x00000000a28520e0,0x00000000a8280000)
 Metaspace       used 9547K, capacity 9748K, committed 9984K, reserved 1058816K
  class space    used 1145K, capacity 1178K, committed 1280K, reserved 1048576K
}
Event: 1.012 GC heap before
{Heap before GC invocations=12 (full 0):
 PSYoungGen      total 7680K, used 7672K [0x00000000e0d00000, 0x00000000e1a80000, 0x0000000100000000)
  eden space 6656K, 100% used [0x00000000e0d00000,0x00000000e1380000,0x00000000e1380000)
  from space 1024K, 99% used [0x00000000e1380000,0x00000000e147e010,0x00000000e1480000)
  to   space 1536K, 0% used [0x00000000e1900000,0x00000000e1900000,0x00000000e1a80000)
 ParOldGen       total 94720K, used 2376K [0x00000000a2600000, 0x00000000a8280000, 0x00000000e0d00000)
  object space 94720K, 2% used [0x00000000a2600000,0x00000000a28520e0,0x00000000a8280000)
 Metaspace       used 10799K, capacity 10996K, committed 11136K, reserved 1058816K
  class space    used 1300K, capacity 1338K, committed 1408K, reserved 1048576K
Event: 1.028 GC heap after
Heap after GC invocations=12 (full 0):
 PSYoungGen      total 12288K, used 1146K [0x00000000e0d00000, 0x00000000e1a80000, 0x0000000100000000)
  eden space 10752K, 0% used [0x00000000e0d00000,0x00000000e0d00000,0x00000000e1780000)
  from space 1536K, 74% used [0x00000000e1900000,0x00000000e1a1eab0,0x00000000e1a80000)
  to   space 1536K, 0% used [0x00000000e1780000,0x00000000e1780000,0x00000000e1900000)
 ParOldGen       total 94720K, used 2768K [0x00000000a2600000, 0x00000000a8280000, 0x00000000e0d00000)
  object space 94720K, 2% used [0x00000000a2600000,0x00000000a28b4100,0x00000000a8280000)
 Metaspace       used 10799K, capacity 10996K, committed 11136K, reserved 1058816K
  class space    used 1300K, capacity 1338K, committed 1408K, reserved 1048576K
}
Event: 1.281 GC heap before
{Heap before GC invocations=13 (full 0):
 PSYoungGen      total 12288K, used 11898K [0x00000000e0d00000, 0x00000000e1a80000, 0x0000000100000000)
  eden space 10752K, 100% used [0x00000000e0d00000,0x00000000e1780000,0x00000000e1780000)
  from space 1536K, 74% used [0x00000000e1900000,0x00000000e1a1eab0,0x00000000e1a80000)
  to   space 1536K, 0% used [0x00000000e1780000,0x00000000e1780000,0x00000000e1900000)
 ParOldGen       total 94720K, used 2768K [0x00000000a2600000, 0x00000000a8280000, 0x00000000e0d00000)
  object space 94720K, 2% used [0x00000000a2600000,0x00000000a28b4100,0x00000000a8280000)
 Metaspace       used 12259K, capacity 12436K, committed 12544K, reserved 1060864K
  class space    used 1472K, capacity 1498K, committed 1536K, reserved 1048576K
Event: 1.298 GC heap after
Heap after GC invocations=13 (full 0):
 PSYoungGen      total 12288K, used 1513K [0x00000000e0d00000, 0x00000000e1a80000, 0x0000000100000000)
  eden space 10752K, 0% used [0x00000000e0d00000,0x00000000e0d00000,0x00000000e1780000)
  from space 1536K, 98% used [0x00000000e1780000,0x00000000e18fa540,0x00000000e1900000)
  to   space 1536K, 0% used [0x00000000e1900000,0x00000000e1900000,0x00000000e1a80000)
 ParOldGen       total 94720K, used 3240K [0x00000000a2600000, 0x00000000a8280000, 0x00000000e0d00000)
  object space 94720K, 3% used [0x00000000a2600000,0x00000000a292a068,0x00000000a8280000)
 Metaspace       used 12259K, capacity 12436K, committed 12544K, reserved 1060864K
  class space    used 1472K, capacity 1498K, committed 1536K, reserved 1048576K
}

