# JRE version: Java(TM) SE Runtime Environment (8.0_11-b12) (build 1.8.0_11-b12)
# Java VM: Java HotSpot(TM) 64-Bit Server VM (25.11-b03 mixed mode windows-amd64 compressed oops)
Heap:
 PSYoungGen      total 22528K, used 1723K [0x00000000e0d00000, 0x00000000e2580000, 0x0000000100000000)
  eden space 19968K, 0% used [0x00000000e0d00000,0x00000000e0d00000,0x00000000e2080000)
  from space 2560K, 67% used [0x00000000e2300000,0x00000000e24aef30,0x00000000e2580000)
  to   space 2560K, 0% used [0x00000000e2080000,0x00000000e2080000,0x00000000e2300000)
 ParOldGen       total 94720K, used 4150K [0x00000000a2600000, 0x00000000a8280000, 0x00000000e0d00000)
  object space 94720K, 4% used [0x00000000a2600000,0x00000000a2a0da48,0x00000000a8280000)
 Metaspace       used 14440K, capacity 14580K, committed 14592K, reserved 1067008K
  class space    used 1745K, capacity 1784K, committed 1792K, reserved 1048576K
GC Heap History (10 events):
Event: 0.876 GC heap after
Heap after GC invocations=8 (full 0):
 PSYoungGen      total 9216K, used 1509K [0x00000000e0d00000, 0x00000000e1900000, 0x0000000100000000)
  eden space 7680K, 0% used [0x00000000e0d00000,0x00000000e0d00000,0x00000000e1480000)
  from space 1536K, 98% used [0x00000000e1680000,0x00000000e17f9668,0x00000000e1800000)
  to   space 2048K, 0% used [0x00000000e1480000,0x00000000e1480000,0x00000000e1680000)
 ParOldGen       total 94720K, used 1754K [0x00000000a2600000, 0x00000000a8280000, 0x00000000e0d00000)
  object space 94720K, 1% used [0x00000000a2600000,0x00000000a27b69f8,0x00000000a8280000)
 Metaspace       used 8480K, capacity 8680K, committed 8704K, reserved 1056768K
  class space    used 990K, capacity 1014K, committed 1024K, reserved 1048576K
}
Event: 1.108 GC heap before
{Heap before GC invocations=9 (full 0):
 PSYoungGen      total 9216K, used 9189K [0x00000000e0d00000, 0x00000000e1900000, 0x0000000100000000)
  eden space 7680K, 100% used [0x00000000e0d00000,0x00000000e1480000,0x00000000e1480000)
  from space 1536K, 98% used [0x00000000e1680000,0x00000000e17f9668,0x00000000e1800000)
  to   space 2048K, 0% used [0x00000000e1480000,0x00000000e1480000,0x00000000e1680000)
 ParOldGen       total 94720K, used 1754K [0x00000000a2600000, 0x00000000a8280000, 0x00000000e0d00000)
  object space 94720K, 1% used [0x00000000a2600000,0x00000000a27b69f8,0x00000000a8280000)
 Metaspace       used 10155K, capacity 10312K, committed 10496K, reserved 1058816K
  class space    used 1191K, capacity 1238K, committed 1280K, reserved 1048576K
Event: 1.110 GC heap after
Heap after GC invocations=9 (full 0):
 PSYoungGen      total 9728K, used 2041K [0x00000000e0d00000, 0x00000000e1e00000, 0x0000000100000000)
  eden space 7680K, 0% used [0x00000000e0d00000,0x00000000e0d00000,0x00000000e1480000)
  from space 2048K, 99% used [0x00000000e1480000,0x00000000e167e688,0x00000000e1680000)
  to   space 2560K, 0% used [0x00000000e1b80000,0x00000000e1b80000,0x00000000e1e00000)
 ParOldGen       total 94720K, used 2128K [0x00000000a2600000, 0x00000000a8280000, 0x00000000e0d00000)
  object space 94720K, 2% used [0x00000000a2600000,0x00000000a28142e8,0x00000000a8280000)
 Metaspace       used 10155K, capacity 10312K, committed 10496K, reserved 1058816K
  class space    used 1191K, capacity 1238K, committed 1280K, reserved 1048576K
}
Event: 1.281 GC heap before
{Heap before GC invocations=10 (full 0):
 PSYoungGen      total 9728K, used 9721K [0x00000000e0d00000, 0x00000000e1e00000, 0x0000000100000000)
  eden space 7680K, 100% used [0x00000000e0d00000,0x00000000e1480000,0x00000000e1480000)
  from space 2048K, 99% used [0x00000000e1480000,0x00000000e167e688,0x00000000e1680000)
  to   space 2560K, 0% used [0x00000000e1b80000,0x00000000e1b80000,0x00000000e1e00000)
 ParOldGen       total 94720K, used 2128K [0x00000000a2600000, 0x00000000a8280000, 0x00000000e0d00000)
  object space 94720K, 2% used [0x00000000a2600000,0x00000000a28142e8,0x00000000a8280000)
 Metaspace       used 11110K, capacity 11240K, committed 11392K, reserved 1058816K
  class space    used 1312K, capacity 1334K, committed 1408K, reserved 1048576K
Event: 1.306 GC heap after
Heap after GC invocations=10 (full 0):
 PSYoungGen      total 14848K, used 1406K [0x00000000e0d00000, 0x00000000e1e00000, 0x0000000100000000)
  eden space 12288K, 0% used [0x00000000e0d00000,0x00000000e0d00000,0x00000000e1900000)
  from space 2560K, 54% used [0x00000000e1b80000,0x00000000e1cdfa20,0x00000000e1e00000)
  to   space 2560K, 0% used [0x00000000e1900000,0x00000000e1900000,0x00000000e1b80000)
 ParOldGen       total 94720K, used 2689K [0x00000000a2600000, 0x00000000a8280000, 0x00000000e0d00000)
  object space 94720K, 2% used [0x00000000a2600000,0x00000000a28a0670,0x00000000a8280000)
 Metaspace       used 11110K, capacity 11240K, committed 11392K, reserved 1058816K
  class space    used 1312K, capacity 1334K, committed 1408K, reserved 1048576K
}
Event: 1.547 GC heap before
{Heap before GC invocations=11 (full 0):
 PSYoungGen      total 14848K, used 13694K [0x00000000e0d00000, 0x00000000e1e00000, 0x0000000100000000)
  eden space 12288K, 100% used [0x00000000e0d00000,0x00000000e1900000,0x00000000e1900000)
  from space 2560K, 54% used [0x00000000e1b80000,0x00000000e1cdfa20,0x00000000e1e00000)
  to   space 2560K, 0% used [0x00000000e1900000,0x00000000e1900000,0x00000000e1b80000)
 ParOldGen       total 94720K, used 2689K [0x00000000a2600000, 0x00000000a8280000, 0x00000000e0d00000)
  object space 94720K, 2% used [0x00000000a2600000,0x00000000a28a0670,0x00000000a8280000)
 Metaspace       used 12495K, capacity 12660K, committed 12800K, reserved 1060864K
  class space    used 1484K, capacity 1528K, committed 1536K, reserved 1048576K
Event: 1.550 GC heap after
Heap after GC invocations=11 (full 0):
 PSYoungGen      total 14848K, used 1835K [0x00000000e0d00000, 0x00000000e2580000, 0x0000000100000000)
  eden space 12288K, 0% used [0x00000000e0d00000,0x00000000e0d00000,0x00000000e1900000)
  from space 2560K, 71% used [0x00000000e1900000,0x00000000e1acaf70,0x00000000e1b80000)
  to   space 2560K, 0% used [0x00000000e2300000,0x00000000e2300000,0x00000000e2580000)
 ParOldGen       total 94720K, used 3110K [0x00000000a2600000, 0x00000000a8280000, 0x00000000e0d00000)
  object space 94720K, 3% used [0x00000000a2600000,0x00000000a2909aa0,0x00000000a8280000)
 Metaspace       used 12495K, capacity 12660K, committed 12800K, reserved 1060864K
  class space    used 1484K, capacity 1528K, committed 1536K, reserved 1048576K
}
Event: 900.867 GC heap before
{Heap before GC invocations=12 (full 0):
 PSYoungGen      total 14848K, used 12417K [0x00000000e0d00000, 0x00000000e2580000, 0x0000000100000000)
  eden space 12288K, 86% used [0x00000000e0d00000,0x00000000e1755730,0x00000000e1900000)
  from space 2560K, 71% used [0x00000000e1900000,0x00000000e1acaf70,0x00000000e1b80000)
  to   space 2560K, 0% used [0x00000000e2300000,0x00000000e2300000,0x00000000e2580000)
 ParOldGen       total 94720K, used 3110K [0x00000000a2600000, 0x00000000a8280000, 0x00000000e0d00000)
  object space 94720K, 3% used [0x00000000a2600000,0x00000000a2909aa0,0x00000000a8280000)
 Metaspace       used 14440K, capacity 14580K, committed 14592K, reserved 1067008K
  class space    used 1745K, capacity 1784K, committed 1792K, reserved 1048576K
Event: 900.871 GC heap after
Heap after GC invocations=12 (full 0):
 PSYoungGen      total 22528K, used 1723K [0x00000000e0d00000, 0x00000000e2580000, 0x0000000100000000)
  eden space 19968K, 0% used [0x00000000e0d00000,0x00000000e0d00000,0x00000000e2080000)
  from space 2560K, 67% used [0x00000000e2300000,0x00000000e24aef30,0x00000000e2580000)
  to   space 2560K, 0% used [0x00000000e2080000,0x00000000e2080000,0x00000000e2300000)
 ParOldGen       total 94720K, used 4150K [0x00000000a2600000, 0x00000000a8280000, 0x00000000e0d00000)
  object space 94720K, 4% used [0x00000000a2600000,0x00000000a2a0da48,0x00000000a8280000)
 Metaspace       used 14440K, capacity 14580K, committed 14592K, reserved 1067008K
  class space    used 1745K, capacity 1784K, committed 1792K, reserved 1048576K
}
Event: 900.871 GC heap before
{Heap before GC invocations=13 (full 1):
 PSYoungGen      total 22528K, used 1723K [0x00000000e0d00000, 0x00000000e2580000, 0x0000000100000000)
  eden space 19968K, 0% used [0x00000000e0d00000,0x00000000e0d00000,0x00000000e2080000)
  from space 2560K, 67% used [0x00000000e2300000,0x00000000e24aef30,0x00000000e2580000)
  to   space 2560K, 0% used [0x00000000e2080000,0x00000000e2080000,0x00000000e2300000)
 ParOldGen       total 94720K, used 4150K [0x00000000a2600000, 0x00000000a8280000, 0x00000000e0d00000)
  object space 94720K, 4% used [0x00000000a2600000,0x00000000a2a0da48,0x00000000a8280000)
 Metaspace       used 14440K, capacity 14580K, committed 14592K, reserved 1067008K
  class space    used 1745K, capacity 1784K, committed 1792K, reserved 1048576K

